# JRE version: 7.0_17-b02
# Java VM: Java HotSpot(TM) 64-Bit Server VM (23.7-b01 mixed mode bsd-amd64 compressed oops)
Heap
 PSYoungGen      total 116736K, used 38257K [0x00000007f5560000, 0x00000007ff830000, 0x0000000800000000)
  eden space 73920K, 46% used [0x00000007f5560000,0x00000007f76d27c8,0x00000007f9d90000)
  from space 42816K, 9% used [0x00000007fce60000,0x00000007fd249fd0,0x00000007ff830000)
  to   space 46400K, 0% used [0x00000007f9d90000,0x00000007f9d90000,0x00000007fcae0000)
 ParOldGen       total 173056K, used 116218K [0x00000007e0000000, 0x00000007ea900000, 0x00000007f5560000)
  object space 173056K, 67% used [0x00000007e0000000,0x00000007e717e8e0,0x00000007ea900000)
 PSPermGen       total 156288K, used 110480K [0x00000007d0000000, 0x00000007d98a0000, 0x00000007e0000000)
  object space 156288K, 70% used [0x00000007d0000000,0x00000007d6be4268,0x00000007d98a0000)
GC Heap History (10 events):
Event: 212.179 GC heap before
{Heap before GC invocations=34 (full 4):
 PSYoungGen      total 111744K, used 8697K [0x00000007f5560000, 0x00000007ffa70000, 0x0000000800000000)
  eden space 59840K, 0% used [0x00000007f5560000,0x00000007f5560000,0x00000007f8fd0000)
  from space 51904K, 16% used [0x00000007fc7c0000,0x00000007fd03e500,0x00000007ffa70000)
  to   space 54592K, 0% used [0x00000007f8fd0000,0x00000007f8fd0000,0x00000007fc520000)
 ParOldGen       total 129088K, used 115535K [0x00000007e0000000, 0x00000007e7e10000, 0x00000007f5560000)
  object space 129088K, 89% used [0x00000007e0000000,0x00000007e70d3d30,0x00000007e7e10000)
 PSPermGen       total 144320K, used 108186K [0x00000007d0000000, 0x00000007d8cf0000, 0x00000007e0000000)
  object space 144320K, 74% used [0x00000007d0000000,0x00000007d69a6998,0x00000007d8cf0000)
Event: 212.630 GC heap after
Heap after GC invocations=34 (full 4):
 PSYoungGen      total 111744K, used 0K [0x00000007f5560000, 0x00000007ffa70000, 0x0000000800000000)
  eden space 59840K, 0% used [0x00000007f5560000,0x00000007f5560000,0x00000007f8fd0000)
  from space 51904K, 0% used [0x00000007fc7c0000,0x00000007fc7c0000,0x00000007ffa70000)
  to   space 54592K, 0% used [0x00000007f8fd0000,0x00000007f8fd0000,0x00000007fc520000)
 ParOldGen       total 173056K, used 112998K [0x00000007e0000000, 0x00000007ea900000, 0x00000007f5560000)
  object space 173056K, 65% used [0x00000007e0000000,0x00000007e6e59908,0x00000007ea900000)
 PSPermGen       total 156288K, used 108176K [0x00000007d0000000, 0x00000007d98a0000, 0x00000007e0000000)
  object space 156288K, 69% used [0x00000007d0000000,0x00000007d69a42b0,0x00000007d98a0000)
}
Event: 218.222 GC heap before
{Heap before GC invocations=35 (full 4):
 PSYoungGen      total 111744K, used 59840K [0x00000007f5560000, 0x00000007ffa70000, 0x0000000800000000)
  eden space 59840K, 100% used [0x00000007f5560000,0x00000007f8fd0000,0x00000007f8fd0000)
  from space 51904K, 0% used [0x00000007fc7c0000,0x00000007fc7c0000,0x00000007ffa70000)
  to   space 54592K, 0% used [0x00000007f8fd0000,0x00000007f8fd0000,0x00000007fc520000)
 ParOldGen       total 173056K, used 112998K [0x00000007e0000000, 0x00000007ea900000, 0x00000007f5560000)
  object space 173056K, 65% used [0x00000007e0000000,0x00000007e6e59908,0x00000007ea900000)
 PSPermGen       total 156288K, used 108992K [0x00000007d0000000, 0x00000007d98a0000, 0x00000007e0000000)
  object space 156288K, 69% used [0x00000007d0000000,0x00000007d6a70128,0x00000007d98a0000)
Event: 218.234 GC heap after
Heap after GC invocations=35 (full 4):
 PSYoungGen      total 114432K, used 3891K [0x00000007f5560000, 0x00000007ffea0000, 0x0000000800000000)
  eden space 59840K, 0% used [0x00000007f5560000,0x00000007f5560000,0x00000007f8fd0000)
  from space 54592K, 7% used [0x00000007f8fd0000,0x00000007f939cd50,0x00000007fc520000)
  to   space 52544K, 0% used [0x00000007fcb50000,0x00000007fcb50000,0x00000007ffea0000)
 ParOldGen       total 173056K, used 112998K [0x00000007e0000000, 0x00000007ea900000, 0x00000007f5560000)
  object space 173056K, 65% used [0x00000007e0000000,0x00000007e6e59908,0x00000007ea900000)
 PSPermGen       total 156288K, used 108992K [0x00000007d0000000, 0x00000007d98a0000, 0x00000007e0000000)
  object space 156288K, 69% used [0x00000007d0000000,0x00000007d6a70128,0x00000007d98a0000)
}
Event: 241.391 GC heap before
{Heap before GC invocations=36 (full 4):
 PSYoungGen      total 114432K, used 63731K [0x00000007f5560000, 0x00000007ffea0000, 0x0000000800000000)
  eden space 59840K, 100% used [0x00000007f5560000,0x00000007f8fd0000,0x00000007f8fd0000)
  from space 54592K, 7% used [0x00000007f8fd0000,0x00000007f939cd50,0x00000007fc520000)
  to   space 52544K, 0% used [0x00000007fcb50000,0x00000007fcb50000,0x00000007ffea0000)
 ParOldGen       total 173056K, used 112998K [0x00000007e0000000, 0x00000007ea900000, 0x00000007f5560000)
  object space 173056K, 65% used [0x00000007e0000000,0x00000007e6e59908,0x00000007ea900000)
 PSPermGen       total 156288K, used 109263K [0x00000007d0000000, 0x00000007d98a0000, 0x00000007e0000000)
  object space 156288K, 69% used [0x00000007d0000000,0x00000007d6ab3dc8,0x00000007d98a0000)
Event: 241.405 GC heap after
Heap after GC invocations=36 (full 4):
 PSYoungGen      total 116288K, used 791K [0x00000007f5560000, 0x00000007ffae0000, 0x0000000800000000)
  eden space 67584K, 0% used [0x00000007f5560000,0x00000007f5560000,0x00000007f9760000)
  from space 48704K, 1% used [0x00000007fcb50000,0x00000007fcc15ce0,0x00000007ffae0000)
  to   space 50944K, 0% used [0x00000007f9760000,0x00000007f9760000,0x00000007fc920000)
 ParOldGen       total 173056K, used 115829K [0x00000007e0000000, 0x00000007ea900000, 0x00000007f5560000)
  object space 173056K, 66% used [0x00000007e0000000,0x00000007e711d660,0x00000007ea900000)
 PSPermGen       total 156288K, used 109263K [0x00000007d0000000, 0x00000007d98a0000, 0x00000007e0000000)
  object space 156288K, 69% used [0x00000007d0000000,0x00000007d6ab3dc8,0x00000007d98a0000)
}
Event: 266.035 GC heap before
{Heap before GC invocations=37 (full 4):
 PSYoungGen      total 116288K, used 68375K [0x00000007f5560000, 0x00000007ffae0000, 0x0000000800000000)
  eden space 67584K, 100% used [0x00000007f5560000,0x00000007f9760000,0x00000007f9760000)
  from space 48704K, 1% used [0x00000007fcb50000,0x00000007fcc15ce0,0x00000007ffae0000)
  to   space 50944K, 0% used [0x00000007f9760000,0x00000007f9760000,0x00000007fc920000)
 ParOldGen       total 173056K, used 115829K [0x00000007e0000000, 0x00000007ea900000, 0x00000007f5560000)
  object space 173056K, 66% used [0x00000007e0000000,0x00000007e711d660,0x00000007ea900000)
 PSPermGen       total 156288K, used 109878K [0x00000007d0000000, 0x00000007d98a0000, 0x00000007e0000000)
  object space 156288K, 70% used [0x00000007d0000000,0x00000007d6b4daa8,0x00000007d98a0000)
Event: 266.049 GC heap after
Heap after GC invocations=37 (full 4):
 PSYoungGen      total 118528K, used 2335K [0x00000007f5560000, 0x00000007ffe10000, 0x0000000800000000)
  eden space 67584K, 0% used [0x00000007f5560000,0x00000007f5560000,0x00000007f9760000)
  from space 50944K, 4% used [0x00000007f9760000,0x00000007f99a7ce0,0x00000007fc920000)
  to   space 48832K, 0% used [0x00000007fce60000,0x00000007fce60000,0x00000007ffe10000)
 ParOldGen       total 173056K, used 116218K [0x00000007e0000000, 0x00000007ea900000, 0x00000007f5560000)
  object space 173056K, 67% used [0x00000007e0000000,0x00000007e717e8e0,0x00000007ea900000)
 PSPermGen       total 156288K, used 109878K [0x00000007d0000000, 0x00000007d98a0000, 0x00000007e0000000)
  object space 156288K, 70% used [0x00000007d0000000,0x00000007d6b4daa8,0x00000007d98a0000)
}
Event: 282.609 GC heap before
{Heap before GC invocations=38 (full 4):
 PSYoungGen      total 118528K, used 69919K [0x00000007f5560000, 0x00000007ffe10000, 0x0000000800000000)
  eden space 67584K, 100% used [0x00000007f5560000,0x00000007f9760000,0x00000007f9760000)
  from space 50944K, 4% used [0x00000007f9760000,0x00000007f99a7ce0,0x00000007fc920000)
  to   space 48832K, 0% used [0x00000007fce60000,0x00000007fce60000,0x00000007ffe10000)
 ParOldGen       total 173056K, used 116218K [0x00000007e0000000, 0x00000007ea900000, 0x00000007f5560000)
  object space 173056K, 67% used [0x00000007e0000000,0x00000007e717e8e0,0x00000007ea900000)
 PSPermGen       total 156288K, used 110052K [0x00000007d0000000, 0x00000007d98a0000, 0x00000007e0000000)
  object space 156288K, 70% used [0x00000007d0000000,0x00000007d6b792a0,0x00000007d98a0000)
Event: 282.621 GC heap after
Heap after GC invocations=38 (full 4):
 PSYoungGen      total 116736K, used 4007K [0x00000007f5560000, 0x00000007ff830000, 0x0000000800000000)
  eden space 73920K, 0% used [0x00000007f5560000,0x00000007f5560000,0x00000007f9d90000)
  from space 42816K, 9% used [0x00000007fce60000,0x00000007fd249fd0,0x00000007ff830000)
  to   space 46400K, 0% used [0x00000007f9d90000,0x00000007f9d90000,0x00000007fcae0000)
 ParOldGen       total 173056K, used 116218K [0x00000007e0000000, 0x00000007ea900000, 0x00000007f5560000)
  object space 173056K, 67% used [0x00000007e0000000,0x00000007e717e8e0,0x00000007ea900000)
 PSPermGen       total 156288K, used 110052K [0x00000007d0000000, 0x00000007d98a0000, 0x00000007e0000000)
  object space 156288K, 70% used [0x00000007d0000000,0x00000007d6b792a0,0x00000007d98a0000)
}

